Using pre-set license
Built from '2022.3/staging' branch; Version is '2022.3.15f1 (b58023a2b463) revision 11894819'; Using compiler version '192829333'; Build Type 'Release'
OS: 'Windows 11  (10.0.22621) 64bit Professional' Language: 'ru' Physical Memory: 15734 MB
BatchMode: 1, IsHumanControllingUs: 0, StartBugReporterOnCrash: 0, Is64bit: 1, IsPro: 1

COMMAND LINE ARGUMENTS:
C:\Program Files\Unity\Hub\Editor\2022.3.15f1\Editor\Unity.exe
-adb2
-batchMode
-noUpm
-name
AssetImportWorker0
-projectPath
C:/UnityProjects/Monster-project
-logFile
Logs/AssetImportWorker0.log
-srvPort
49225
Successfully changed project path to: C:/UnityProjects/Monster-project
C:/UnityProjects/Monster-project
[UnityMemory] Configuration Parameters - Can be set up in boot.config
    "memorysetup-bucket-allocator-granularity=16"
    "memorysetup-bucket-allocator-bucket-count=8"
    "memorysetup-bucket-allocator-block-size=33554432"
    "memorysetup-bucket-allocator-block-count=8"
    "memorysetup-main-allocator-block-size=16777216"
    "memorysetup-thread-allocator-block-size=16777216"
    "memorysetup-gfx-main-allocator-block-size=16777216"
    "memorysetup-gfx-thread-allocator-block-size=16777216"
    "memorysetup-cache-allocator-block-size=4194304"
    "memorysetup-typetree-allocator-block-size=2097152"
    "memorysetup-profiler-bucket-allocator-granularity=16"
    "memorysetup-profiler-bucket-allocator-bucket-count=8"
    "memorysetup-profiler-bucket-allocator-block-size=33554432"
    "memorysetup-profiler-bucket-allocator-block-count=8"
    "memorysetup-profiler-allocator-block-size=16777216"
    "memorysetup-profiler-editor-allocator-block-size=1048576"
    "memorysetup-temp-allocator-size-main=16777216"
    "memorysetup-job-temp-allocator-block-size=2097152"
    "memorysetup-job-temp-allocator-block-size-background=1048576"
    "memorysetup-job-temp-allocator-reduction-small-platforms=262144"
    "memorysetup-allocator-temp-initial-block-size-main=262144"
    "memorysetup-allocator-temp-initial-block-size-worker=262144"
    "memorysetup-temp-allocator-size-background-worker=32768"
    "memorysetup-temp-allocator-size-job-worker=262144"
    "memorysetup-temp-allocator-size-preload-manager=33554432"
    "memorysetup-temp-allocator-size-nav-mesh-worker=65536"
    "memorysetup-temp-allocator-size-audio-worker=65536"
    "memorysetup-temp-allocator-size-cloud-worker=32768"
    "memorysetup-temp-allocator-size-gi-baking-worker=262144"
    "memorysetup-temp-allocator-size-gfx=262144"
Player connection [2408] Host "[IP] 172.18.0.1 [Port] 0 [Flags] 2 [Guid] 1081097549 [EditorId] 1081097549 [Version] 1048832 [Id] WindowsEditor(7,DESKTOP-K52NJS1) [Debug] 1 [PackageName] WindowsEditor [ProjectName] Editor" joined multi-casting on [225.0.0.222:54997]...

Player connection [2408] Host "[IP] 172.18.0.1 [Port] 0 [Flags] 2 [Guid] 1081097549 [EditorId] 1081097549 [Version] 1048832 [Id] WindowsEditor(7,DESKTOP-K52NJS1) [Debug] 1 [PackageName] WindowsEditor [ProjectName] Editor" joined alternative multi-casting on [225.0.0.222:34997]...

[Physics::Module] Initialized MultithreadedJobDispatcher with 11 workers.
Refreshing native plugins compatible for Editor in 13.14 ms, found 3 plugins.
Preloading 0 native plugins for Editor in 0.00 ms.
Initialize engine version: 2022.3.15f1 (b58023a2b463)
[Subsystems] Discovering subsystems at path C:/Program Files/Unity/Hub/Editor/2022.3.15f1/Editor/Data/Resources/UnitySubsystems
[Subsystems] Discovering subsystems at path C:/UnityProjects/Monster-project/Assets
GfxDevice: creating device client; threaded=0; jobified=0
Direct3D:
    Version:  Direct3D 11.0 [level 11.1]
    Renderer: AMD Radeon(TM) Graphics (ID=0x1636)
    Vendor:   ATI
    VRAM:     7867 MB
    Driver:   27.20.11028.10001
Initialize mono
Mono path[0] = 'C:/Program Files/Unity/Hub/Editor/2022.3.15f1/Editor/Data/Managed'
Mono path[1] = 'C:/Program Files/Unity/Hub/Editor/2022.3.15f1/Editor/Data/MonoBleedingEdge/lib/mono/unityjit-win32'
Mono config path = 'C:/Program Files/Unity/Hub/Editor/2022.3.15f1/Editor/Data/MonoBleedingEdge/etc'
Using monoOptions --debugger-agent=transport=dt_socket,embedding=1,server=y,suspend=n,address=127.0.0.1:56384
Begin MonoManager ReloadAssembly
Registering precompiled unity dll's ...
Register platform support module: C:/Program Files/Unity/Hub/Editor/2022.3.15f1/Editor/Data/PlaybackEngines/WebGLSupport/UnityEditor.WebGL.Extensions.dll
Register platform support module: C:/Program Files/Unity/Hub/Editor/2022.3.15f1/Editor/Data/PlaybackEngines/WindowsStandaloneSupport/UnityEditor.WindowsStandalone.Extensions.dll
Registered in 0.009416 seconds.
- Loaded All Assemblies, in  0.444 seconds
Native extension for WindowsStandalone target not found
Native extension for WebGL target not found
Mono: successfully reloaded assembly
- Finished resetting the current domain, in  0.414 seconds
Domain Reload Profiling: 858ms
	BeginReloadAssembly (138ms)
		ExecutionOrderSort (0ms)
		DisableScriptedObjects (0ms)
		BackupInstance (0ms)
		ReleaseScriptingObjects (0ms)
		CreateAndSetChildDomain (1ms)
	RebuildCommonClasses (46ms)
	RebuildNativeTypeToScriptingClass (12ms)
	initialDomainReloadingComplete (72ms)
	LoadAllAssembliesAndSetupDomain (175ms)
		LoadAssemblies (136ms)
		RebuildTransferFunctionScriptingTraits (0ms)
		AnalyzeDomain (173ms)
			TypeCache.Refresh (171ms)
				TypeCache.ScanAssembly (155ms)
			ScanForSourceGeneratedMonoScriptInfo (1ms)
			ResolveRequiredComponents (1ms)
	FinalizeReload (415ms)
		ReleaseScriptCaches (0ms)
		RebuildScriptCaches (0ms)
		SetupLoadedEditorAssemblies (333ms)
			LogAssemblyErrors (0ms)
			InitializePlatformSupportModulesInManaged (12ms)
			SetLoadedEditorAssemblies (8ms)
			RefreshPlugins (0ms)
			BeforeProcessingInitializeOnLoad (3ms)
			ProcessInitializeOnLoadAttributes (247ms)
			ProcessInitializeOnLoadMethodAttributes (63ms)
			AfterProcessingInitializeOnLoad (0ms)
			EditorAssembliesLoaded (0ms)
		ExecutionOrderSort2 (0ms)
		AwakeInstancesAfterBackupRestoration (0ms)
========================================================================
Worker process is ready to serve import requests
Begin MonoManager ReloadAssembly
- Loaded All Assemblies, in  1.008 seconds
Refreshing native plugins compatible for Editor in 2.94 ms, found 3 plugins.
Native extension for WindowsStandalone target not found
Native extension for WebGL target not found
Package Manager log level set to [2]
[Package Manager] Server::EnsureServerProcessIsRunning -- launch failed, reason: Unity was launched with the -noUpm command-line argument
[Package Manager] UpmClient::Send -- Unable to send message (not connected to UPM process).
[Package Manager] Cannot connect to Unity Package Manager local server
Mono: successfully reloaded assembly
- Finished resetting the current domain, in  1.233 seconds
Domain Reload Profiling: 2240ms
	BeginReloadAssembly (274ms)
		ExecutionOrderSort (0ms)
		DisableScriptedObjects (11ms)
		BackupInstance (0ms)
		ReleaseScriptingObjects (0ms)
		CreateAndSetChildDomain (48ms)
	RebuildCommonClasses (61ms)
	RebuildNativeTypeToScriptingClass (14ms)
	initialDomainReloadingComplete (57ms)
	LoadAllAssembliesAndSetupDomain (600ms)
		LoadAssemblies (524ms)
		RebuildTransferFunctionScriptingTraits (0ms)
		AnalyzeDomain (228ms)
			TypeCache.Refresh (193ms)
				TypeCache.ScanAssembly (176ms)
			ScanForSourceGeneratedMonoScriptInfo (22ms)
			ResolveRequiredComponents (11ms)
	FinalizeReload (1234ms)
		ReleaseScriptCaches (0ms)
		RebuildScriptCaches (0ms)
		SetupLoadedEditorAssemblies (1035ms)
			LogAssemblyErrors (0ms)
			InitializePlatformSupportModulesInManaged (9ms)
			SetLoadedEditorAssemblies (8ms)
			RefreshPlugins (0ms)
			BeforeProcessingInitializeOnLoad (147ms)
			ProcessInitializeOnLoadAttributes (836ms)
			ProcessInitializeOnLoadMethodAttributes (30ms)
			AfterProcessingInitializeOnLoad (5ms)
			EditorAssembliesLoaded (0ms)
		ExecutionOrderSort2 (0ms)
		AwakeInstancesAfterBackupRestoration (10ms)
Launched and connected shader compiler UnityShaderCompiler.exe after 0.08 seconds
Refreshing native plugins compatible for Editor in 4.08 ms, found 3 plugins.
Preloading 0 native plugins for Editor in 0.00 ms.
Unloading 3684 Unused Serialized files (Serialized files now loaded: 0)
Unloading 39 unused Assets / (57.9 KB). Loaded Objects now: 4177.
Memory consumption went from 154.2 MB to 154.2 MB.
Total: 10.163500 ms (FindLiveObjects: 0.611100 ms CreateObjectMapping: 0.344500 ms MarkObjects: 8.885000 ms  DeleteObjects: 0.319700 ms)

AssetImportParameters requested are different than current active one (requested -> active):
  custom:container-demuxer-ogg: 62fdf1f143b41e24485cea50d1cbac27 -> 
  custom:video-decoder-ogg-theora: a1e56fd34408186e4bbccfd4996cb3dc -> 
  custom:framework-win-MediaFoundation: 216162199b28c13a410421893ffa2e32 -> 
  custom:CustomObjectIndexerAttribute: 43b350a4d6e6d1791af0b5038c4bea17 -> 
  custom:container-demuxer-webm: 4f35f7cbe854078d1ac9338744f61a02 -> 
  custom:container-muxer-webm: aa71ff27fc2769a1b78a27578f13a17b -> 
  custom:video-decoder-webm-vp8: 9c59270c3fd7afecdb556c50c9e8de78 -> 
  custom:SearchIndexIgnoredProperties: e643bd26f0fe6173181afceb89e7c659 -> 
  custom:AudioImporter_EditorPlatform: d09bf68614088b80899f8185d706f6e7 -> 
  custom:video-encoder-webm-vp8: eb34c28f22e8b96e1ab97ce403110664 -> 
  custom:audio-decoder-ogg-vorbis: bf7c407c2cedff20999df2af8eb42d56 -> 
  custom:audio-encoder-webm-vorbis: bf7c407c2cedff20999df2af8eb42d56 -> 
========================================================================
Received Import Request.
  Time since last request: 786150.665870 seconds.
  path: Assets/Highway Racer/Prefabs/Player Vehicles/BMW M2 Racing ver.prefab
  artifactKey: Guid(e07b283c4320fa14881bf3b79d1b5d9f) Importer(815301076,1909f56bfc062723c751e8b465ee728b)
Start importing Assets/Highway Racer/Prefabs/Player Vehicles/BMW M2 Racing ver.prefab using Guid(e07b283c4320fa14881bf3b79d1b5d9f) Importer(815301076,1909f56bfc062723c751e8b465ee728b)  -> (artifact id: 'a2ad25d9679b188b79b8203be3c42fde') in 0.247225 seconds
Number of updated asset objects reloaded before import = 0
Number of asset objects unloaded after import = 266
========================================================================
Received Import Request.
  Time since last request: 0.000065 seconds.
  path: Assets/Highway Racer/Prefabs/Player Vehicles/BMW M3 E30 Garage ver.prefab
  artifactKey: Guid(c3ac567556a86bd469219de00f57b1f7) Importer(815301076,1909f56bfc062723c751e8b465ee728b)
Start importing Assets/Highway Racer/Prefabs/Player Vehicles/BMW M3 E30 Garage ver.prefab using Guid(c3ac567556a86bd469219de00f57b1f7) Importer(815301076,1909f56bfc062723c751e8b465ee728b)  -> (artifact id: '4c95040b5274b0962d040a5e384a7cc2') in 0.040133 seconds
Number of updated asset objects reloaded before import = 0
Number of asset objects unloaded after import = 280
========================================================================
Received Import Request.
  Time since last request: 0.000047 seconds.
  path: Assets/Highway Racer/Prefabs/Player Vehicles/BMW M3 Garage ver.prefab
  artifactKey: Guid(06d5279d4fcabcb49b655ee2acf8770e) Importer(815301076,1909f56bfc062723c751e8b465ee728b)
Start importing Assets/Highway Racer/Prefabs/Player Vehicles/BMW M3 Garage ver.prefab using Guid(06d5279d4fcabcb49b655ee2acf8770e) Importer(815301076,1909f56bfc062723c751e8b465ee728b)  -> (artifact id: 'ed7e32a49922a1104589202a2e71d037') in 0.056303 seconds
Number of updated asset objects reloaded before import = 0
Number of asset objects unloaded after import = 419
========================================================================
Received Import Request.
  Time since last request: 0.000043 seconds.
  path: Assets/Highway Racer/Prefabs/Player Vehicles/BMW M4 Garage ver.prefab
  artifactKey: Guid(3e65c6833a305f84b85a658b61054c3e) Importer(815301076,1909f56bfc062723c751e8b465ee728b)
Start importing Assets/Highway Racer/Prefabs/Player Vehicles/BMW M4 Garage ver.prefab using Guid(3e65c6833a305f84b85a658b61054c3e) Importer(815301076,1909f56bfc062723c751e8b465ee728b)  -> (artifact id: '4ea77cba30a74400f96d811f77ce3553') in 0.041843 seconds
Number of updated asset objects reloaded before import = 0
Number of asset objects unloaded after import = 619
========================================================================
Received Import Request.
  Time since last request: 1.211363 seconds.
  path: Assets/Highway Racer/Prefabs/Player Vehicles/BMW X3 Garage ver.prefab
  artifactKey: Guid(bc2d57ad1e4a2d04e95aae7c9baff3e2) Importer(815301076,1909f56bfc062723c751e8b465ee728b)
Start importing Assets/Highway Racer/Prefabs/Player Vehicles/BMW X3 Garage ver.prefab using Guid(bc2d57ad1e4a2d04e95aae7c9baff3e2) Importer(815301076,1909f56bfc062723c751e8b465ee728b)  -> (artifact id: 'd8fb1a70f49aa0585f3b90282388a03a') in 0.047676 seconds
Number of updated asset objects reloaded before import = 0
Number of asset objects unloaded after import = 560
========================================================================
Received Import Request.
  Time since last request: 0.048306 seconds.
  path: Assets/Highway Racer/Prefabs/Player Vehicles/BMW X3 Racing ver.prefab
  artifactKey: Guid(3e076283a7ba4334e9e4eabfca514cdf) Importer(815301076,1909f56bfc062723c751e8b465ee728b)
Start importing Assets/Highway Racer/Prefabs/Player Vehicles/BMW X3 Racing ver.prefab using Guid(3e076283a7ba4334e9e4eabfca514cdf) Importer(815301076,1909f56bfc062723c751e8b465ee728b)  -> (artifact id: '08de31c6c40cd067a491e0db83104a75') in 0.031694 seconds
Number of updated asset objects reloaded before import = 0
Number of asset objects unloaded after import = 301
========================================================================
Received Import Request.
  Time since last request: 0.202509 seconds.
  path: Assets/Highway Racer/Prefabs/Player Vehicles/BMW_E30_Racing_ver.prefab
  artifactKey: Guid(fe579c9b32d65384f8a2c5a4c5233fa5) Importer(815301076,1909f56bfc062723c751e8b465ee728b)
Start importing Assets/Highway Racer/Prefabs/Player Vehicles/BMW_E30_Racing_ver.prefab using Guid(fe579c9b32d65384f8a2c5a4c5233fa5) Importer(815301076,1909f56bfc062723c751e8b465ee728b)  -> (artifact id: 'bf59c7fecdd4f5b317a671690ce12d90') in 0.034529 seconds
Number of updated asset objects reloaded before import = 0
Number of asset objects unloaded after import = 226
========================================================================
Received Import Request.
  Time since last request: 0.000096 seconds.
  path: Assets/Highway Racer/Prefabs/Player Vehicles/CTR.prefab
  artifactKey: Guid(51fa90530830cf34db90d9e5c3ce72e8) Importer(815301076,1909f56bfc062723c751e8b465ee728b)
Start importing Assets/Highway Racer/Prefabs/Player Vehicles/CTR.prefab using Guid(51fa90530830cf34db90d9e5c3ce72e8) Importer(815301076,1909f56bfc062723c751e8b465ee728b)  -> (artifact id: '8b71c77b91a55ab0c9a89130f2fca64e') in 0.108471 seconds
Number of updated asset objects reloaded before import = 0
Number of asset objects unloaded after import = 480
========================================================================
Received Import Request.
  Time since last request: 0.124198 seconds.
  path: Assets/Highway Racer/Prefabs/Player Vehicles/Jeep.prefab
  artifactKey: Guid(ddedb19c5a9b61047b96e6e04a8e8e77) Importer(815301076,1909f56bfc062723c751e8b465ee728b)
Start importing Assets/Highway Racer/Prefabs/Player Vehicles/Jeep.prefab using Guid(ddedb19c5a9b61047b96e6e04a8e8e77) Importer(815301076,1909f56bfc062723c751e8b465ee728b)  -> (artifact id: '377bf44cab8a905c7f9ec1feaa1acb6c') in 0.093239 seconds
Number of updated asset objects reloaded before import = 0
Number of asset objects unloaded after import = 495
========================================================================
Received Import Request.
  Time since last request: 0.141353 seconds.
  path: Assets/Highway Racer/Prefabs/Player Vehicles/M3_E46.prefab
  artifactKey: Guid(ca1cc88856925b441ad8063199040bba) Importer(815301076,1909f56bfc062723c751e8b465ee728b)
Start importing Assets/Highway Racer/Prefabs/Player Vehicles/M3_E46.prefab using Guid(ca1cc88856925b441ad8063199040bba) Importer(815301076,1909f56bfc062723c751e8b465ee728b)  -> (artifact id: '380524b2c2d7c52e910926274229a679') in 0.153484 seconds
Number of updated asset objects reloaded before import = 0
Number of asset objects unloaded after import = 452
========================================================================
Received Import Request.
  Time since last request: 0.123345 seconds.
  path: Assets/Highway Racer/Prefabs/Player Vehicles/PlayerCar1.prefab
  artifactKey: Guid(aefbfdf86788c6c4d861350fc743e098) Importer(815301076,1909f56bfc062723c751e8b465ee728b)
Start importing Assets/Highway Racer/Prefabs/Player Vehicles/PlayerCar1.prefab using Guid(aefbfdf86788c6c4d861350fc743e098) Importer(815301076,1909f56bfc062723c751e8b465ee728b)  -> (artifact id: 'd2d2003dd6327cd2c6f5f4cfcd4b7f6a') in 0.081484 seconds
Number of updated asset objects reloaded before import = 0
Number of asset objects unloaded after import = 374
========================================================================
Received Import Request.
  Time since last request: 0.000056 seconds.
  path: Assets/Highway Racer/Prefabs/Player Vehicles/PlayerCar3.prefab
  artifactKey: Guid(687877e5b8c2cf241b222e380d440d7f) Importer(815301076,1909f56bfc062723c751e8b465ee728b)
Start importing Assets/Highway Racer/Prefabs/Player Vehicles/PlayerCar3.prefab using Guid(687877e5b8c2cf241b222e380d440d7f) Importer(815301076,1909f56bfc062723c751e8b465ee728b)  -> (artifact id: '2a95502cd1d2e23cf64791a72b6ecdb8') in 0.083203 seconds
Number of updated asset objects reloaded before import = 0
Number of asset objects unloaded after import = 373
========================================================================
Received Import Request.
  Time since last request: 0.127851 seconds.
  path: Assets/Highway Racer/Prefabs/Player Vehicles/PlayerCar4.prefab
  artifactKey: Guid(5e0316711e6616f4184a26509f736f4d) Importer(815301076,1909f56bfc062723c751e8b465ee728b)
Start importing Assets/Highway Racer/Prefabs/Player Vehicles/PlayerCar4.prefab using Guid(5e0316711e6616f4184a26509f736f4d) Importer(815301076,1909f56bfc062723c751e8b465ee728b)  -> (artifact id: '0a6aa6a3dea39ad9cd98baee6cf07296') in 0.087814 seconds
Number of updated asset objects reloaded before import = 0
Number of asset objects unloaded after import = 397
