Using pre-set license
Built from '2022.3/staging' branch; Version is '2022.3.15f1 (b58023a2b463) revision 11894819'; Using compiler version '192829333'; Build Type 'Release'
OS: 'Windows 11  (10.0.22621) 64bit Professional' Language: 'ru' Physical Memory: 15734 MB
BatchMode: 1, IsHumanControllingUs: 0, StartBugReporterOnCrash: 0, Is64bit: 1, IsPro: 1

COMMAND LINE ARGUMENTS:
C:\Program Files\Unity\Hub\Editor\2022.3.15f1\Editor\Unity.exe
-adb2
-batchMode
-noUpm
-name
AssetImportWorker1
-projectPath
C:/UnityProjects/Monster-project
-logFile
Logs/AssetImportWorker1.log
-srvPort
49225
Successfully changed project path to: C:/UnityProjects/Monster-project
C:/UnityProjects/Monster-project
[UnityMemory] Configuration Parameters - Can be set up in boot.config
    "memorysetup-bucket-allocator-granularity=16"
    "memorysetup-bucket-allocator-bucket-count=8"
    "memorysetup-bucket-allocator-block-size=33554432"
    "memorysetup-bucket-allocator-block-count=8"
    "memorysetup-main-allocator-block-size=16777216"
    "memorysetup-thread-allocator-block-size=16777216"
    "memorysetup-gfx-main-allocator-block-size=16777216"
    "memorysetup-gfx-thread-allocator-block-size=16777216"
    "memorysetup-cache-allocator-block-size=4194304"
    "memorysetup-typetree-allocator-block-size=2097152"
    "memorysetup-profiler-bucket-allocator-granularity=16"
    "memorysetup-profiler-bucket-allocator-bucket-count=8"
    "memorysetup-profiler-bucket-allocator-block-size=33554432"
    "memorysetup-profiler-bucket-allocator-block-count=8"
    "memorysetup-profiler-allocator-block-size=16777216"
    "memorysetup-profiler-editor-allocator-block-size=1048576"
    "memorysetup-temp-allocator-size-main=16777216"
    "memorysetup-job-temp-allocator-block-size=2097152"
    "memorysetup-job-temp-allocator-block-size-background=1048576"
    "memorysetup-job-temp-allocator-reduction-small-platforms=262144"
    "memorysetup-allocator-temp-initial-block-size-main=262144"
    "memorysetup-allocator-temp-initial-block-size-worker=262144"
    "memorysetup-temp-allocator-size-background-worker=32768"
    "memorysetup-temp-allocator-size-job-worker=262144"
    "memorysetup-temp-allocator-size-preload-manager=33554432"
    "memorysetup-temp-allocator-size-nav-mesh-worker=65536"
    "memorysetup-temp-allocator-size-audio-worker=65536"
    "memorysetup-temp-allocator-size-cloud-worker=32768"
    "memorysetup-temp-allocator-size-gi-baking-worker=262144"
    "memorysetup-temp-allocator-size-gfx=262144"
Player connection [19272] Host "[IP] 172.18.0.1 [Port] 0 [Flags] 2 [Guid] 457036373 [EditorId] 457036373 [Version] 1048832 [Id] WindowsEditor(7,DESKTOP-K52NJS1) [Debug] 1 [PackageName] WindowsEditor [ProjectName] Editor" joined multi-casting on [225.0.0.222:54997]...

Player connection [19272] Host "[IP] 172.18.0.1 [Port] 0 [Flags] 2 [Guid] 457036373 [EditorId] 457036373 [Version] 1048832 [Id] WindowsEditor(7,DESKTOP-K52NJS1) [Debug] 1 [PackageName] WindowsEditor [ProjectName] Editor" joined alternative multi-casting on [225.0.0.222:34997]...

[Physics::Module] Initialized MultithreadedJobDispatcher with 11 workers.
Refreshing native plugins compatible for Editor in 10.74 ms, found 3 plugins.
Preloading 0 native plugins for Editor in 0.00 ms.
Initialize engine version: 2022.3.15f1 (b58023a2b463)
[Subsystems] Discovering subsystems at path C:/Program Files/Unity/Hub/Editor/2022.3.15f1/Editor/Data/Resources/UnitySubsystems
[Subsystems] Discovering subsystems at path C:/UnityProjects/Monster-project/Assets
GfxDevice: creating device client; threaded=0; jobified=0
Direct3D:
    Version:  Direct3D 11.0 [level 11.1]
    Renderer: AMD Radeon(TM) Graphics (ID=0x1636)
    Vendor:   ATI
    VRAM:     7867 MB
    Driver:   27.20.11028.10001
Initialize mono
Mono path[0] = 'C:/Program Files/Unity/Hub/Editor/2022.3.15f1/Editor/Data/Managed'
Mono path[1] = 'C:/Program Files/Unity/Hub/Editor/2022.3.15f1/Editor/Data/MonoBleedingEdge/lib/mono/unityjit-win32'
Mono config path = 'C:/Program Files/Unity/Hub/Editor/2022.3.15f1/Editor/Data/MonoBleedingEdge/etc'
Using monoOptions --debugger-agent=transport=dt_socket,embedding=1,server=y,suspend=n,address=127.0.0.1:56040
Begin MonoManager ReloadAssembly
Registering precompiled unity dll's ...
Register platform support module: C:/Program Files/Unity/Hub/Editor/2022.3.15f1/Editor/Data/PlaybackEngines/WebGLSupport/UnityEditor.WebGL.Extensions.dll
Register platform support module: C:/Program Files/Unity/Hub/Editor/2022.3.15f1/Editor/Data/PlaybackEngines/WindowsStandaloneSupport/UnityEditor.WindowsStandalone.Extensions.dll
Registered in 0.008799 seconds.
- Loaded All Assemblies, in  0.422 seconds
Native extension for WindowsStandalone target not found
Native extension for WebGL target not found
Mono: successfully reloaded assembly
- Finished resetting the current domain, in  0.420 seconds
Domain Reload Profiling: 842ms
	BeginReloadAssembly (133ms)
		ExecutionOrderSort (0ms)
		DisableScriptedObjects (0ms)
		BackupInstance (0ms)
		ReleaseScriptingObjects (0ms)
		CreateAndSetChildDomain (1ms)
	RebuildCommonClasses (40ms)
	RebuildNativeTypeToScriptingClass (12ms)
	initialDomainReloadingComplete (67ms)
	LoadAllAssembliesAndSetupDomain (169ms)
		LoadAssemblies (132ms)
		RebuildTransferFunctionScriptingTraits (0ms)
		AnalyzeDomain (166ms)
			TypeCache.Refresh (165ms)
				TypeCache.ScanAssembly (149ms)
			ScanForSourceGeneratedMonoScriptInfo (0ms)
			ResolveRequiredComponents (1ms)
	FinalizeReload (421ms)
		ReleaseScriptCaches (0ms)
		RebuildScriptCaches (0ms)
		SetupLoadedEditorAssemblies (340ms)
			LogAssemblyErrors (0ms)
			InitializePlatformSupportModulesInManaged (12ms)
			SetLoadedEditorAssemblies (8ms)
			RefreshPlugins (0ms)
			BeforeProcessingInitializeOnLoad (3ms)
			ProcessInitializeOnLoadAttributes (250ms)
			ProcessInitializeOnLoadMethodAttributes (67ms)
			AfterProcessingInitializeOnLoad (0ms)
			EditorAssembliesLoaded (0ms)
		ExecutionOrderSort2 (0ms)
		AwakeInstancesAfterBackupRestoration (0ms)
========================================================================
Worker process is ready to serve import requests
Begin MonoManager ReloadAssembly
- Loaded All Assemblies, in  1.032 seconds
Refreshing native plugins compatible for Editor in 3.54 ms, found 3 plugins.
Native extension for WindowsStandalone target not found
Native extension for WebGL target not found
Package Manager log level set to [2]
[Package Manager] Server::EnsureServerProcessIsRunning -- launch failed, reason: Unity was launched with the -noUpm command-line argument
[Package Manager] UpmClient::Send -- Unable to send message (not connected to UPM process).
[Package Manager] Cannot connect to Unity Package Manager local server
Mono: successfully reloaded assembly
- Finished resetting the current domain, in  1.216 seconds
Domain Reload Profiling: 2245ms
	BeginReloadAssembly (287ms)
		ExecutionOrderSort (0ms)
		DisableScriptedObjects (11ms)
		BackupInstance (0ms)
		ReleaseScriptingObjects (0ms)
		CreateAndSetChildDomain (47ms)
	RebuildCommonClasses (60ms)
	RebuildNativeTypeToScriptingClass (13ms)
	initialDomainReloadingComplete (59ms)
	LoadAllAssembliesAndSetupDomain (610ms)
		LoadAssemblies (525ms)
		RebuildTransferFunctionScriptingTraits (0ms)
		AnalyzeDomain (241ms)
			TypeCache.Refresh (205ms)
				TypeCache.ScanAssembly (187ms)
			ScanForSourceGeneratedMonoScriptInfo (27ms)
			ResolveRequiredComponents (7ms)
	FinalizeReload (1216ms)
		ReleaseScriptCaches (0ms)
		RebuildScriptCaches (0ms)
		SetupLoadedEditorAssemblies (1014ms)
			LogAssemblyErrors (0ms)
			InitializePlatformSupportModulesInManaged (9ms)
			SetLoadedEditorAssemblies (6ms)
			RefreshPlugins (0ms)
			BeforeProcessingInitializeOnLoad (137ms)
			ProcessInitializeOnLoadAttributes (827ms)
			ProcessInitializeOnLoadMethodAttributes (27ms)
			AfterProcessingInitializeOnLoad (8ms)
			EditorAssembliesLoaded (0ms)
		ExecutionOrderSort2 (0ms)
		AwakeInstancesAfterBackupRestoration (10ms)
Launched and connected shader compiler UnityShaderCompiler.exe after 0.08 seconds
Refreshing native plugins compatible for Editor in 4.08 ms, found 3 plugins.
Preloading 0 native plugins for Editor in 0.00 ms.
Unloading 3684 Unused Serialized files (Serialized files now loaded: 0)
Unloading 39 unused Assets / (57.4 KB). Loaded Objects now: 4177.
Memory consumption went from 154.2 MB to 154.1 MB.
Total: 7.334900 ms (FindLiveObjects: 0.469200 ms CreateObjectMapping: 0.158900 ms MarkObjects: 6.246500 ms  DeleteObjects: 0.457500 ms)

AssetImportParameters requested are different than current active one (requested -> active):
  custom:container-demuxer-ogg: 62fdf1f143b41e24485cea50d1cbac27 -> 
  custom:video-decoder-ogg-theora: a1e56fd34408186e4bbccfd4996cb3dc -> 
  custom:framework-win-MediaFoundation: 216162199b28c13a410421893ffa2e32 -> 
  custom:CustomObjectIndexerAttribute: 43b350a4d6e6d1791af0b5038c4bea17 -> 
  custom:container-demuxer-webm: 4f35f7cbe854078d1ac9338744f61a02 -> 
  custom:container-muxer-webm: aa71ff27fc2769a1b78a27578f13a17b -> 
  custom:video-decoder-webm-vp8: 9c59270c3fd7afecdb556c50c9e8de78 -> 
  custom:SearchIndexIgnoredProperties: e643bd26f0fe6173181afceb89e7c659 -> 
  custom:AudioImporter_EditorPlatform: d09bf68614088b80899f8185d706f6e7 -> 
  custom:video-encoder-webm-vp8: eb34c28f22e8b96e1ab97ce403110664 -> 
  custom:audio-decoder-ogg-vorbis: bf7c407c2cedff20999df2af8eb42d56 -> 
  custom:audio-encoder-webm-vorbis: bf7c407c2cedff20999df2af8eb42d56 -> 
========================================================================
Received Import Request.
  Time since last request: 786053.726626 seconds.
  path: Assets/Highway Racer/Icon.png
  artifactKey: Guid(baa7ab62d74f5d04ca5995df9c164c27) Importer(815301076,1909f56bfc062723c751e8b465ee728b)
Start importing Assets/Highway Racer/Icon.png using Guid(baa7ab62d74f5d04ca5995df9c164c27) Importer(815301076,1909f56bfc062723c751e8b465ee728b)  -> (artifact id: '432425dcac189e0bd4edc8585d5e4620') in 0.208323 seconds
Number of updated asset objects reloaded before import = 0
Number of asset objects unloaded after import = 3
========================================================================
Received Import Request.
  Time since last request: 96.707604 seconds.
  path: Assets/Highway Racer/Prefabs/Player Vehicles/BMW M2Garage ver.prefab
  artifactKey: Guid(27d8da40288cbf040b059c7ff977919f) Importer(815301076,1909f56bfc062723c751e8b465ee728b)
Start importing Assets/Highway Racer/Prefabs/Player Vehicles/BMW M2Garage ver.prefab using Guid(27d8da40288cbf040b059c7ff977919f) Importer(815301076,1909f56bfc062723c751e8b465ee728b)  -> (artifact id: 'f1d8fa66500e22ac13ed9b1243afbaab') in 0.167237 seconds
Number of updated asset objects reloaded before import = 0
Number of asset objects unloaded after import = 353
========================================================================
Received Import Request.
  Time since last request: 0.000051 seconds.
  path: Assets/Highway Racer/Prefabs/Player Vehicles/BMW M3 Racing ver.prefab
  artifactKey: Guid(8606e90cb828826429734228723a8388) Importer(815301076,1909f56bfc062723c751e8b465ee728b)
Start importing Assets/Highway Racer/Prefabs/Player Vehicles/BMW M3 Racing ver.prefab using Guid(8606e90cb828826429734228723a8388) Importer(815301076,1909f56bfc062723c751e8b465ee728b)  -> (artifact id: 'a1c98a56c955fcfaab1b67ebc2cec013') in 0.065841 seconds
Number of updated asset objects reloaded before import = 0
Number of asset objects unloaded after import = 339
========================================================================
Received Import Request.
  Time since last request: 0.000049 seconds.
  path: Assets/Highway Racer/Prefabs/Player Vehicles/BMW M5 F90.prefab
  artifactKey: Guid(3ebb4462fa4406b45ad32176653d01db) Importer(815301076,1909f56bfc062723c751e8b465ee728b)
Start importing Assets/Highway Racer/Prefabs/Player Vehicles/BMW M5 F90.prefab using Guid(3ebb4462fa4406b45ad32176653d01db) Importer(815301076,1909f56bfc062723c751e8b465ee728b)  -> (artifact id: 'b653b9073dd4bc7bd6d09e298fd3b979') in 0.053172 seconds
Number of updated asset objects reloaded before import = 0
Number of asset objects unloaded after import = 342
========================================================================
Received Import Request.
  Time since last request: 0.000047 seconds.
  path: Assets/Highway Racer/Prefabs/Player Vehicles/BMW M5 Racing ver.prefab
  artifactKey: Guid(d156c462bad50f147afec2c38602025a) Importer(815301076,1909f56bfc062723c751e8b465ee728b)
Start importing Assets/Highway Racer/Prefabs/Player Vehicles/BMW M5 Racing ver.prefab using Guid(d156c462bad50f147afec2c38602025a) Importer(815301076,1909f56bfc062723c751e8b465ee728b)  -> (artifact id: 'c41f82a5ab16c1f42bbd6e84608602fc') in 0.037430 seconds
Number of updated asset objects reloaded before import = 0
Number of asset objects unloaded after import = 277
========================================================================
Received Import Request.
  Time since last request: 0.000056 seconds.
  path: Assets/Highway Racer/Prefabs/Player Vehicles/BMW M4 Racing ver.prefab
  artifactKey: Guid(d7fb15abca54dc14ca396c0eaa9dbe2b) Importer(815301076,1909f56bfc062723c751e8b465ee728b)
Start importing Assets/Highway Racer/Prefabs/Player Vehicles/BMW M4 Racing ver.prefab using Guid(d7fb15abca54dc14ca396c0eaa9dbe2b) Importer(815301076,1909f56bfc062723c751e8b465ee728b)  -> (artifact id: '8d139da1ee657569bd23bef328efb64e') in 0.035238 seconds
Number of updated asset objects reloaded before import = 0
Number of asset objects unloaded after import = 275
========================================================================
Received Import Request.
  Time since last request: 1.606553 seconds.
  path: Assets/Highway Racer/Prefabs/Player Vehicles/Coupe.prefab
  artifactKey: Guid(2aabc99d01350194d8f010853703a5d3) Importer(815301076,1909f56bfc062723c751e8b465ee728b)
Start importing Assets/Highway Racer/Prefabs/Player Vehicles/Coupe.prefab using Guid(2aabc99d01350194d8f010853703a5d3) Importer(815301076,1909f56bfc062723c751e8b465ee728b)  -> (artifact id: '0acfa754f7a0d725fb496677717ebce2') in 0.142599 seconds
Number of updated asset objects reloaded before import = 0
Number of asset objects unloaded after import = 500
========================================================================
Received Import Request.
  Time since last request: 0.110096 seconds.
  path: Assets/Highway Racer/Prefabs/Player Vehicles/M3_E36.prefab
  artifactKey: Guid(d8c810b9f3aee4d46bf6e1bf6522fd7e) Importer(815301076,1909f56bfc062723c751e8b465ee728b)
Start importing Assets/Highway Racer/Prefabs/Player Vehicles/M3_E36.prefab using Guid(d8c810b9f3aee4d46bf6e1bf6522fd7e) Importer(815301076,1909f56bfc062723c751e8b465ee728b)  -> (artifact id: 'f99418f61762139a1a3fc68116866ec8') in 0.122374 seconds
Number of updated asset objects reloaded before import = 0
Number of asset objects unloaded after import = 546
========================================================================
Received Import Request.
  Time since last request: 0.126299 seconds.
  path: Assets/Highway Racer/Prefabs/Player Vehicles/M5_E30.prefab
  artifactKey: Guid(45959797968389f4db45c22623fe1057) Importer(815301076,1909f56bfc062723c751e8b465ee728b)
Start importing Assets/Highway Racer/Prefabs/Player Vehicles/M5_E30.prefab using Guid(45959797968389f4db45c22623fe1057) Importer(815301076,1909f56bfc062723c751e8b465ee728b)  -> (artifact id: '829dfb2251af28cec0d9dbc7591c6388') in 0.121428 seconds
Number of updated asset objects reloaded before import = 0
Number of asset objects unloaded after import = 631
========================================================================
Received Import Request.
  Time since last request: 0.000031 seconds.
  path: Assets/Highway Racer/Prefabs/Player Vehicles/Pickup.prefab
  artifactKey: Guid(b21d15153c3cb91498ca91d782c2e551) Importer(815301076,1909f56bfc062723c751e8b465ee728b)
Start importing Assets/Highway Racer/Prefabs/Player Vehicles/Pickup.prefab using Guid(b21d15153c3cb91498ca91d782c2e551) Importer(815301076,1909f56bfc062723c751e8b465ee728b)  -> (artifact id: 'ae57422f260ca70d3357dddbb449998d') in 0.087515 seconds
Number of updated asset objects reloaded before import = 0
Number of asset objects unloaded after import = 492
========================================================================
Received Import Request.
  Time since last request: 0.056247 seconds.
  path: Assets/Highway Racer/Prefabs/Player Vehicles/PlayerCar2.prefab
  artifactKey: Guid(a7ac29648089bde449f912a3c4af594a) Importer(815301076,1909f56bfc062723c751e8b465ee728b)
Start importing Assets/Highway Racer/Prefabs/Player Vehicles/PlayerCar2.prefab using Guid(a7ac29648089bde449f912a3c4af594a) Importer(815301076,1909f56bfc062723c751e8b465ee728b)  -> (artifact id: '43a1a830f3b64a871b194293d9db46aa') in 0.080625 seconds
Number of updated asset objects reloaded before import = 0
Number of asset objects unloaded after import = 286
========================================================================
Received Import Request.
  Time since last request: 0.212978 seconds.
  path: Assets/Highway Racer/Prefabs/Player Vehicles/PlayerCar5.prefab
  artifactKey: Guid(ad475df4d0d6c874aac6fa4563abe6fc) Importer(815301076,1909f56bfc062723c751e8b465ee728b)
Start importing Assets/Highway Racer/Prefabs/Player Vehicles/PlayerCar5.prefab using Guid(ad475df4d0d6c874aac6fa4563abe6fc) Importer(815301076,1909f56bfc062723c751e8b465ee728b)  -> (artifact id: 'ef4db8dcaa79370cbe5843cbaa71b53e') in 0.091332 seconds
Number of updated asset objects reloaded before import = 0
Number of asset objects unloaded after import = 391
